2025-09-18 11:30:52.873 INFO  [background-preinit] o.h.validator.internal.util.Version - HV000001: Hibernate Validator 8.0.1.Final
2025-09-18 11:30:52.930 INFO  [main] c.l.project.ProjectApplication - Starting ProjectApplication using Java 21 with PID 25644 (C:\2440540\JFS Training Project\Library-Management\target\classes started by 2440540 in C:\2440540\JFS Training Project\Library-Management)
2025-09-18 11:30:52.930 DEBUG [main] c.l.project.ProjectApplication - Running with Spring Boot v3.3.1, Spring v6.1.10
2025-09-18 11:30:52.930 INFO  [main] c.l.project.ProjectApplication - No active profile set, falling back to 1 default profile: "default"
2025-09-18 11:30:54.335 INFO  [main] o.s.d.r.c.RepositoryConfigurationDelegate - Bootstrapping Spring Data JPA repositories in DEFAULT mode.
2025-09-18 11:30:54.430 INFO  [main] o.s.d.r.c.RepositoryConfigurationDelegate - Finished Spring Data repository scanning in 95 ms. Found 12 JPA repository interfaces.
2025-09-18 11:30:55.540 INFO  [main] o.s.b.w.e.tomcat.TomcatWebServer - Tomcat initialized with port 8080 (http)
2025-09-18 11:30:55.540 INFO  [main] o.a.coyote.http11.Http11NioProtocol - Initializing ProtocolHandler ["http-nio-8080"]
2025-09-18 11:30:55.540 INFO  [main] o.a.catalina.core.StandardService - Starting service [Tomcat]
2025-09-18 11:30:55.540 INFO  [main] o.a.catalina.core.StandardEngine - Starting Servlet engine: [Apache Tomcat/10.1.25]
2025-09-18 11:30:55.620 INFO  [main] o.a.c.c.C.[Tomcat].[localhost].[/] - Initializing Spring embedded WebApplicationContext
2025-09-18 11:30:55.620 INFO  [main] o.s.b.w.s.c.ServletWebServerApplicationContext - Root WebApplicationContext: initialization completed in 2642 ms
2025-09-18 11:30:56.112 INFO  [main] o.h.jpa.internal.util.LogHelper - HHH000204: Processing PersistenceUnitInfo [name: default]
2025-09-18 11:30:56.262 INFO  [main] org.hibernate.Version - HHH000412: Hibernate ORM core version 6.5.2.Final
2025-09-18 11:30:56.328 INFO  [main] o.h.c.i.RegionFactoryInitiator - HHH000026: Second-level cache disabled
2025-09-18 11:30:56.692 INFO  [main] o.s.o.j.p.SpringPersistenceUnitInfo - No LoadTimeWeaver setup: ignoring JPA class transformer
2025-09-18 11:30:56.724 INFO  [main] com.zaxxer.hikari.HikariDataSource - HikariPool-1 - Starting...
2025-09-18 11:30:57.059 INFO  [main] com.zaxxer.hikari.pool.HikariPool - HikariPool-1 - Added connection com.mysql.cj.jdbc.ConnectionImpl@28269c65
2025-09-18 11:30:57.059 INFO  [main] com.zaxxer.hikari.HikariDataSource - HikariPool-1 - Start completed.
2025-09-18 11:30:57.122 WARN  [main] org.hibernate.orm.deprecation - HHH90000025: MySQLDialect does not need to be specified explicitly using 'hibernate.dialect' (remove the property setting and it will be selected by default)
2025-09-18 11:30:58.156 INFO  [main] o.h.e.t.j.p.i.JtaPlatformInitiator - HHH000489: No JTA platform available (set 'hibernate.transaction.jta.platform' to enable JTA platform integration)
2025-09-18 11:30:59.357 INFO  [main] o.s.o.j.LocalContainerEntityManagerFactoryBean - Initialized JPA EntityManagerFactory for persistence unit 'default'
2025-09-18 11:30:59.990 INFO  [main] o.s.d.j.r.query.QueryEnhancerFactory - Hibernate is in classpath; If applicable, HQL parser will be used.
2025-09-18 11:31:00.954 WARN  [main] o.s.b.a.o.j.JpaBaseConfiguration$JpaWebConfiguration - spring.jpa.open-in-view is enabled by default. Therefore, database queries may be performed during view rendering. Explicitly configure spring.jpa.open-in-view to disable this warning
2025-09-18 11:31:01.008 DEBUG [main] c.l.project.aspect.LoggingAspect - Entering method: com.libraryManagement.project.config.SecurityConfig.userDetailsService() with arguments: []
2025-09-18 11:31:01.012 DEBUG [main] c.l.project.aspect.LoggingAspect - Exiting method: com.libraryManagement.project.config.SecurityConfig.userDetailsService() with result: org.springframework.security.provisioning.InMemoryUserDetailsManager@38f553d0 | Execution time: 2ms
2025-09-18 11:31:01.048 INFO  [main] o.s.s.c.a.a.c.InitializeUserDetailsBeanManagerConfigurer$InitializeUserDetailsManagerConfigurer - Global AuthenticationManager configured with UserDetailsService bean with name userDetailsService
2025-09-18 11:31:01.574 INFO  [main] o.s.b.a.e.web.EndpointLinksResolver - Exposing 1 endpoint beneath base path '/actuator'
2025-09-18 11:31:01.590 DEBUG [main] c.l.project.aspect.LoggingAspect - Entering method: com.libraryManagement.project.config.SecurityConfig.securityFilterChain() with arguments: [org.springframework.security.config.annotation.web.builders.HttpSecurity@73c7a727]
2025-09-18 11:31:01.656 DEBUG [main] c.l.project.aspect.LoggingAspect - Exiting method: com.libraryManagement.project.config.SecurityConfig.securityFilterChain() with result: DefaultSecurityFilterChain [RequestMatcher=any request, Filters=[org.springframework.security.web.session.DisableEncodeUrlFilter@2d1df853, org.springframework.security.web.context.request.async.WebAsyncManagerIntegrationFilter@79052209, org.springframework.security.web.context.SecurityContextHolderFilter@36d5677, org.springframework.security.web.header.HeaderWriterFilter@69b66787, org.springframework.web.filter.CorsFilter@35d9d10b, org.springframework.security.web.authentication.logout.LogoutFilter@58d8e971, org.springframework.security.web.savedrequest.RequestCacheAwareFilter@46f970b6, org.springframework.security.web.servletapi.SecurityContextHolderAwareRequestFilter@4a270796, org.springframework.security.web.authentication.AnonymousAuthenticationFilter@7006b304, org.springframework.security.web.access.ExceptionTranslationFilter@43da05ee, org.springframework.security.web.access.intercept.AuthorizationFilter@4289feba]] | Execution time: 66ms
2025-09-18 11:31:02.304 INFO  [main] o.a.coyote.http11.Http11NioProtocol - Starting ProtocolHandler ["http-nio-8080"]
2025-09-18 11:31:02.320 INFO  [main] o.s.b.w.e.tomcat.TomcatWebServer - Tomcat started on port 8080 (http) with context path '/'
2025-09-18 11:31:02.336 INFO  [main] c.l.project.ProjectApplication - Started ProjectApplication in 10.018 seconds (process running for 10.592)
2025-09-18 11:31:14.604 INFO  [http-nio-8080-exec-2] o.a.c.c.C.[Tomcat].[localhost].[/] - Initializing Spring DispatcherServlet 'dispatcherServlet'
2025-09-18 11:31:14.604 INFO  [http-nio-8080-exec-2] o.s.web.servlet.DispatcherServlet - Initializing Servlet 'dispatcherServlet'
2025-09-18 11:31:14.604 INFO  [http-nio-8080-exec-2] o.s.web.servlet.DispatcherServlet - Completed initialization in 0 ms
2025-09-18 11:31:14.653 DEBUG [http-nio-8080-exec-2] c.l.project.aspect.LoggingAspect - Entering method: com.libraryManagement.project.controller.OrderController.getOrdersByUserId() with arguments: [1]
2025-09-18 11:31:14.653 DEBUG [http-nio-8080-exec-2] c.l.project.aspect.LoggingAspect - Entering method: com.libraryManagement.project.service.impl.OrderServiceImpl.getOrdersByUserId() with arguments: [1]
2025-09-18 11:31:14.751 DEBUG [http-nio-8080-exec-2] c.l.project.aspect.LoggingAspect - Exiting method: com.libraryManagement.project.service.impl.OrderServiceImpl.getOrdersByUserId() with result: [FAILED toString()] | Execution time: 98ms
2025-09-18 11:31:14.772 DEBUG [http-nio-8080-exec-2] c.l.project.aspect.LoggingAspect - Exiting method: com.libraryManagement.project.controller.OrderController.getOrdersByUserId() with result: [FAILED toString()] | Execution time: 119ms
2025-09-18 11:33:47.056 DEBUG [http-nio-8080-exec-5] c.l.project.aspect.LoggingAspect - Entering method: com.libraryManagement.project.controller.OrderController.getOrdersByUserId() with arguments: [1]
2025-09-18 11:33:47.056 DEBUG [http-nio-8080-exec-5] c.l.project.aspect.LoggingAspect - Entering method: com.libraryManagement.project.service.impl.OrderServiceImpl.getOrdersByUserId() with arguments: [1]
2025-09-18 11:33:47.068 DEBUG [http-nio-8080-exec-5] c.l.project.aspect.LoggingAspect - Exiting method: com.libraryManagement.project.service.impl.OrderServiceImpl.getOrdersByUserId() with result: [FAILED toString()] | Execution time: 12ms
2025-09-18 11:33:47.078 DEBUG [http-nio-8080-exec-5] c.l.project.aspect.LoggingAspect - Exiting method: com.libraryManagement.project.controller.OrderController.getOrdersByUserId() with result: [FAILED toString()] | Execution time: 22ms
2025-09-18 11:38:35.626 INFO  [SpringApplicationShutdownHook] o.s.o.j.LocalContainerEntityManagerFactoryBean - Closing JPA EntityManagerFactory for persistence unit 'default'
2025-09-18 11:38:35.626 INFO  [SpringApplicationShutdownHook] com.zaxxer.hikari.HikariDataSource - HikariPool-1 - Shutdown initiated...
2025-09-18 11:38:35.642 INFO  [SpringApplicationShutdownHook] com.zaxxer.hikari.HikariDataSource - HikariPool-1 - Shutdown completed.
2025-09-18 11:38:41.050 INFO  [background-preinit] o.h.validator.internal.util.Version - HV000001: Hibernate Validator 8.0.1.Final
2025-09-18 11:38:41.112 INFO  [main] c.l.project.ProjectApplication - Starting ProjectApplication using Java 21 with PID 23768 (C:\2440540\JFS Training Project\Library-Management\target\classes started by 2440540 in C:\2440540\JFS Training Project\Library-Management)
2025-09-18 11:38:41.112 DEBUG [main] c.l.project.ProjectApplication - Running with Spring Boot v3.3.1, Spring v6.1.10
2025-09-18 11:38:41.112 INFO  [main] c.l.project.ProjectApplication - No active profile set, falling back to 1 default profile: "default"
2025-09-18 11:38:42.409 INFO  [main] o.s.d.r.c.RepositoryConfigurationDelegate - Bootstrapping Spring Data JPA repositories in DEFAULT mode.
2025-09-18 11:38:42.505 INFO  [main] o.s.d.r.c.RepositoryConfigurationDelegate - Finished Spring Data repository scanning in 90 ms. Found 12 JPA repository interfaces.
2025-09-18 11:38:43.484 INFO  [main] o.s.b.w.e.tomcat.TomcatWebServer - Tomcat initialized with port 8080 (http)
2025-09-18 11:38:43.507 INFO  [main] o.a.coyote.http11.Http11NioProtocol - Initializing ProtocolHandler ["http-nio-8080"]
2025-09-18 11:38:43.507 INFO  [main] o.a.catalina.core.StandardService - Starting service [Tomcat]
2025-09-18 11:38:43.507 INFO  [main] o.a.catalina.core.StandardEngine - Starting Servlet engine: [Apache Tomcat/10.1.25]
2025-09-18 11:38:43.584 INFO  [main] o.a.c.c.C.[Tomcat].[localhost].[/] - Initializing Spring embedded WebApplicationContext
2025-09-18 11:38:43.587 INFO  [main] o.s.b.w.s.c.ServletWebServerApplicationContext - Root WebApplicationContext: initialization completed in 2421 ms
2025-09-18 11:38:44.000 INFO  [main] o.h.jpa.internal.util.LogHelper - HHH000204: Processing PersistenceUnitInfo [name: default]
2025-09-18 11:38:44.064 INFO  [main] org.hibernate.Version - HHH000412: Hibernate ORM core version 6.5.2.Final
2025-09-18 11:38:44.128 INFO  [main] o.h.c.i.RegionFactoryInitiator - HHH000026: Second-level cache disabled
2025-09-18 11:38:44.429 INFO  [main] o.s.o.j.p.SpringPersistenceUnitInfo - No LoadTimeWeaver setup: ignoring JPA class transformer
2025-09-18 11:38:44.461 INFO  [main] com.zaxxer.hikari.HikariDataSource - HikariPool-1 - Starting...
2025-09-18 11:38:44.785 INFO  [main] com.zaxxer.hikari.pool.HikariPool - HikariPool-1 - Added connection com.mysql.cj.jdbc.ConnectionImpl@26b3fe8
2025-09-18 11:38:44.785 INFO  [main] com.zaxxer.hikari.HikariDataSource - HikariPool-1 - Start completed.
2025-09-18 11:38:44.844 WARN  [main] org.hibernate.orm.deprecation - HHH90000025: MySQLDialect does not need to be specified explicitly using 'hibernate.dialect' (remove the property setting and it will be selected by default)
2025-09-18 11:38:45.842 INFO  [main] o.h.e.t.j.p.i.JtaPlatformInitiator - HHH000489: No JTA platform available (set 'hibernate.transaction.jta.platform' to enable JTA platform integration)
2025-09-18 11:38:47.291 INFO  [main] o.s.o.j.LocalContainerEntityManagerFactoryBean - Initialized JPA EntityManagerFactory for persistence unit 'default'
2025-09-18 11:38:47.894 INFO  [main] o.s.d.j.r.query.QueryEnhancerFactory - Hibernate is in classpath; If applicable, HQL parser will be used.
2025-09-18 11:38:48.878 WARN  [main] o.s.b.a.o.j.JpaBaseConfiguration$JpaWebConfiguration - spring.jpa.open-in-view is enabled by default. Therefore, database queries may be performed during view rendering. Explicitly configure spring.jpa.open-in-view to disable this warning
2025-09-18 11:38:48.929 DEBUG [main] c.l.project.aspect.LoggingAspect - Entering method: com.libraryManagement.project.config.SecurityConfig.userDetailsService() with arguments: []
2025-09-18 11:38:48.934 DEBUG [main] c.l.project.aspect.LoggingAspect - Exiting method: com.libraryManagement.project.config.SecurityConfig.userDetailsService() with result: org.springframework.security.provisioning.InMemoryUserDetailsManager@4473bbc1 | Execution time: 5ms
2025-09-18 11:38:48.965 INFO  [main] o.s.s.c.a.a.c.InitializeUserDetailsBeanManagerConfigurer$InitializeUserDetailsManagerConfigurer - Global AuthenticationManager configured with UserDetailsService bean with name userDetailsService
2025-09-18 11:38:49.539 INFO  [main] o.s.b.a.e.web.EndpointLinksResolver - Exposing 1 endpoint beneath base path '/actuator'
2025-09-18 11:38:49.569 DEBUG [main] c.l.project.aspect.LoggingAspect - Entering method: com.libraryManagement.project.config.SecurityConfig.securityFilterChain() with arguments: [org.springframework.security.config.annotation.web.builders.HttpSecurity@52602c48]
2025-09-18 11:38:49.645 DEBUG [main] c.l.project.aspect.LoggingAspect - Exiting method: com.libraryManagement.project.config.SecurityConfig.securityFilterChain() with result: DefaultSecurityFilterChain [RequestMatcher=any request, Filters=[org.springframework.security.web.session.DisableEncodeUrlFilter@58f45557, org.springframework.security.web.context.request.async.WebAsyncManagerIntegrationFilter@674db438, org.springframework.security.web.context.SecurityContextHolderFilter@24697504, org.springframework.security.web.header.HeaderWriterFilter@7b6b3ed6, org.springframework.web.filter.CorsFilter@5e5af20c, org.springframework.security.web.authentication.logout.LogoutFilter@1a8251ba, org.springframework.security.web.savedrequest.RequestCacheAwareFilter@1b5860fb, org.springframework.security.web.servletapi.SecurityContextHolderAwareRequestFilter@1fab1909, org.springframework.security.web.authentication.AnonymousAuthenticationFilter@7e41e1e4, org.springframework.security.web.access.ExceptionTranslationFilter@53534c15, org.springframework.security.web.access.intercept.AuthorizationFilter@332e4784]] | Execution time: 76ms
2025-09-18 11:38:50.542 INFO  [main] o.a.coyote.http11.Http11NioProtocol - Starting ProtocolHandler ["http-nio-8080"]
2025-09-18 11:38:50.574 INFO  [main] o.s.b.w.e.tomcat.TomcatWebServer - Tomcat started on port 8080 (http) with context path '/'
2025-09-18 11:38:50.589 INFO  [main] c.l.project.ProjectApplication - Started ProjectApplication in 10.031 seconds (process running for 10.46)
2025-09-18 11:38:56.343 INFO  [http-nio-8080-exec-3] o.a.c.c.C.[Tomcat].[localhost].[/] - Initializing Spring DispatcherServlet 'dispatcherServlet'
2025-09-18 11:38:56.343 INFO  [http-nio-8080-exec-3] o.s.web.servlet.DispatcherServlet - Initializing Servlet 'dispatcherServlet'
2025-09-18 11:38:56.343 INFO  [http-nio-8080-exec-3] o.s.web.servlet.DispatcherServlet - Completed initialization in 0 ms
2025-09-18 11:38:56.413 DEBUG [http-nio-8080-exec-3] c.l.project.aspect.LoggingAspect - Entering method: com.libraryManagement.project.controller.OrderController.getOrdersByUserId() with arguments: [1]
2025-09-18 11:38:56.413 DEBUG [http-nio-8080-exec-3] c.l.project.aspect.LoggingAspect - Entering method: com.libraryManagement.project.service.impl.OrderServiceImpl.getOrdersByUserId() with arguments: [1]
2025-09-18 11:38:56.509 DEBUG [http-nio-8080-exec-3] c.l.project.aspect.LoggingAspect - Exiting method: com.libraryManagement.project.service.impl.OrderServiceImpl.getOrdersByUserId() with result: [FAILED toString()] | Execution time: 96ms
2025-09-18 11:38:56.525 DEBUG [http-nio-8080-exec-3] c.l.project.aspect.LoggingAspect - Exiting method: com.libraryManagement.project.controller.OrderController.getOrdersByUserId() with result: [FAILED toString()] | Execution time: 112ms
2025-09-18 11:42:32.171 INFO  [SpringApplicationShutdownHook] o.s.o.j.LocalContainerEntityManagerFactoryBean - Closing JPA EntityManagerFactory for persistence unit 'default'
2025-09-18 11:42:32.175 INFO  [SpringApplicationShutdownHook] com.zaxxer.hikari.HikariDataSource - HikariPool-1 - Shutdown initiated...
2025-09-18 11:42:32.214 INFO  [SpringApplicationShutdownHook] com.zaxxer.hikari.HikariDataSource - HikariPool-1 - Shutdown completed.
2025-09-18 11:42:36.584 INFO  [background-preinit] o.h.validator.internal.util.Version - HV000001: Hibernate Validator 8.0.1.Final
2025-09-18 11:42:36.625 INFO  [main] c.l.project.ProjectApplication - Starting ProjectApplication using Java 21 with PID 28888 (C:\2440540\JFS Training Project\Library-Management\target\classes started by 2440540 in C:\2440540\JFS Training Project\Library-Management)
2025-09-18 11:42:36.625 DEBUG [main] c.l.project.ProjectApplication - Running with Spring Boot v3.3.1, Spring v6.1.10
2025-09-18 11:42:36.625 INFO  [main] c.l.project.ProjectApplication - No active profile set, falling back to 1 default profile: "default"
2025-09-18 11:42:37.948 INFO  [main] o.s.d.r.c.RepositoryConfigurationDelegate - Bootstrapping Spring Data JPA repositories in DEFAULT mode.
2025-09-18 11:42:38.060 INFO  [main] o.s.d.r.c.RepositoryConfigurationDelegate - Finished Spring Data repository scanning in 89 ms. Found 12 JPA repository interfaces.
2025-09-18 11:42:39.060 INFO  [main] o.s.b.w.e.tomcat.TomcatWebServer - Tomcat initialized with port 8080 (http)
2025-09-18 11:42:39.076 INFO  [main] o.a.coyote.http11.Http11NioProtocol - Initializing ProtocolHandler ["http-nio-8080"]
2025-09-18 11:42:39.076 INFO  [main] o.a.catalina.core.StandardService - Starting service [Tomcat]
2025-09-18 11:42:39.076 INFO  [main] o.a.catalina.core.StandardEngine - Starting Servlet engine: [Apache Tomcat/10.1.25]
2025-09-18 11:42:39.139 INFO  [main] o.a.c.c.C.[Tomcat].[localhost].[/] - Initializing Spring embedded WebApplicationContext
2025-09-18 11:42:39.139 INFO  [main] o.s.b.w.s.c.ServletWebServerApplicationContext - Root WebApplicationContext: initialization completed in 2468 ms
2025-09-18 11:42:39.614 INFO  [main] o.h.jpa.internal.util.LogHelper - HHH000204: Processing PersistenceUnitInfo [name: default]
2025-09-18 11:42:39.710 INFO  [main] org.hibernate.Version - HHH000412: Hibernate ORM core version 6.5.2.Final
2025-09-18 11:42:39.758 INFO  [main] o.h.c.i.RegionFactoryInitiator - HHH000026: Second-level cache disabled
2025-09-18 11:42:40.094 INFO  [main] o.s.o.j.p.SpringPersistenceUnitInfo - No LoadTimeWeaver setup: ignoring JPA class transformer
2025-09-18 11:42:40.112 INFO  [main] com.zaxxer.hikari.HikariDataSource - HikariPool-1 - Starting...
2025-09-18 11:42:40.385 INFO  [main] com.zaxxer.hikari.pool.HikariPool - HikariPool-1 - Added connection com.mysql.cj.jdbc.ConnectionImpl@76105ac0
2025-09-18 11:42:40.395 INFO  [main] com.zaxxer.hikari.HikariDataSource - HikariPool-1 - Start completed.
2025-09-18 11:42:40.443 WARN  [main] org.hibernate.orm.deprecation - HHH90000025: MySQLDialect does not need to be specified explicitly using 'hibernate.dialect' (remove the property setting and it will be selected by default)
2025-09-18 11:42:41.420 INFO  [main] o.h.e.t.j.p.i.JtaPlatformInitiator - HHH000489: No JTA platform available (set 'hibernate.transaction.jta.platform' to enable JTA platform integration)
2025-09-18 11:42:42.703 INFO  [main] o.s.o.j.LocalContainerEntityManagerFactoryBean - Initialized JPA EntityManagerFactory for persistence unit 'default'
2025-09-18 11:42:43.225 INFO  [main] o.s.d.j.r.query.QueryEnhancerFactory - Hibernate is in classpath; If applicable, HQL parser will be used.
2025-09-18 11:42:44.127 WARN  [main] o.s.b.a.o.j.JpaBaseConfiguration$JpaWebConfiguration - spring.jpa.open-in-view is enabled by default. Therefore, database queries may be performed during view rendering. Explicitly configure spring.jpa.open-in-view to disable this warning
2025-09-18 11:42:44.159 DEBUG [main] c.l.project.aspect.LoggingAspect - Entering method: com.libraryManagement.project.config.SecurityConfig.userDetailsService() with arguments: []
2025-09-18 11:42:44.159 DEBUG [main] c.l.project.aspect.LoggingAspect - Exiting method: com.libraryManagement.project.config.SecurityConfig.userDetailsService() with result: org.springframework.security.provisioning.InMemoryUserDetailsManager@87dc829 | Execution time: 0ms
2025-09-18 11:42:44.180 INFO  [main] o.s.s.c.a.a.c.InitializeUserDetailsBeanManagerConfigurer$InitializeUserDetailsManagerConfigurer - Global AuthenticationManager configured with UserDetailsService bean with name userDetailsService
2025-09-18 11:42:44.651 INFO  [main] o.s.b.a.e.web.EndpointLinksResolver - Exposing 1 endpoint beneath base path '/actuator'
2025-09-18 11:42:44.667 DEBUG [main] c.l.project.aspect.LoggingAspect - Entering method: com.libraryManagement.project.config.SecurityConfig.securityFilterChain() with arguments: [org.springframework.security.config.annotation.web.builders.HttpSecurity@66997c32]
2025-09-18 11:42:44.761 DEBUG [main] c.l.project.aspect.LoggingAspect - Exiting method: com.libraryManagement.project.config.SecurityConfig.securityFilterChain() with result: DefaultSecurityFilterChain [RequestMatcher=any request, Filters=[org.springframework.security.web.session.DisableEncodeUrlFilter@5c2fb167, org.springframework.security.web.context.request.async.WebAsyncManagerIntegrationFilter@364f0a6f, org.springframework.security.web.context.SecurityContextHolderFilter@47d6a31a, org.springframework.security.web.header.HeaderWriterFilter@36d5677, org.springframework.web.filter.CorsFilter@27585962, org.springframework.security.web.authentication.logout.LogoutFilter@6ff08304, org.springframework.security.web.savedrequest.RequestCacheAwareFilter@25607b86, org.springframework.security.web.servletapi.SecurityContextHolderAwareRequestFilter@28f6137b, org.springframework.security.web.authentication.AnonymousAuthenticationFilter@1bee8888, org.springframework.security.web.access.ExceptionTranslationFilter@69b66787, org.springframework.security.web.access.intercept.AuthorizationFilter@7006b304]] | Execution time: 94ms
2025-09-18 11:42:45.524 INFO  [main] o.a.coyote.http11.Http11NioProtocol - Starting ProtocolHandler ["http-nio-8080"]
2025-09-18 11:42:45.553 INFO  [main] o.s.b.w.e.tomcat.TomcatWebServer - Tomcat started on port 8080 (http) with context path '/'
2025-09-18 11:42:45.553 INFO  [main] c.l.project.ProjectApplication - Started ProjectApplication in 9.441 seconds (process running for 9.86)
2025-09-18 11:42:51.370 INFO  [http-nio-8080-exec-4] o.a.c.c.C.[Tomcat].[localhost].[/] - Initializing Spring DispatcherServlet 'dispatcherServlet'
2025-09-18 11:42:51.370 INFO  [http-nio-8080-exec-4] o.s.web.servlet.DispatcherServlet - Initializing Servlet 'dispatcherServlet'
2025-09-18 11:42:51.370 INFO  [http-nio-8080-exec-4] o.s.web.servlet.DispatcherServlet - Completed initialization in 0 ms
2025-09-18 11:42:51.451 DEBUG [http-nio-8080-exec-4] c.l.project.aspect.LoggingAspect - Entering method: com.libraryManagement.project.controller.OrderController.getOrdersByUserId() with arguments: [1]
2025-09-18 11:42:51.451 DEBUG [http-nio-8080-exec-4] c.l.project.aspect.LoggingAspect - Entering method: com.libraryManagement.project.service.impl.OrderServiceImpl.getOrdersByUserId() with arguments: [1]
2025-09-18 11:42:51.546 DEBUG [http-nio-8080-exec-4] c.l.project.aspect.LoggingAspect - Exiting method: com.libraryManagement.project.service.impl.OrderServiceImpl.getOrdersByUserId() with result: [OrderItems(itemId=1, quantity=2, unitPrice=499.99, order=Order(orderId=1, totalAmount=1449.48, status=PLACED, paymentId=PAY123, user=User(userId=1, email=alice@example.com, fullName=Alice Sharma, newPassword=newpass123, oldPassword=oldpass123, password=pass123, role=USER), address=ShippingAddress(addressId=1, addressLine1=123 MG Road, addressLine2=Near Town Hall, city=Coimbatore, country=India, fullName=Alice Sharma, phone=9876543210, postalCode=641001, state=TN, user=User(userId=1, email=alice@example.com, fullName=Alice Sharma, newPassword=newpass123, oldPassword=oldpass123, password=pass123, role=USER))), book=Book(bookId=1, title=Spring Boot in Action, author=Author(authorId=1, name=Craig Walls), category=Category(categoryId=1, name=Programming), price=499.99, stockQuantity=20, active=true, imageUrl=springboot.jpg)), OrderItems(itemId=2, quantity=1, unitPrice=450.5, order=Order(orderId=1, totalAmount=1449.48, status=PLACED, paymentId=PAY123, user=User(userId=1, email=alice@example.com, fullName=Alice Sharma, newPassword=newpass123, oldPassword=oldpass123, password=pass123, role=USER), address=ShippingAddress(addressId=1, addressLine1=123 MG Road, addressLine2=Near Town Hall, city=Coimbatore, country=India, fullName=Alice Sharma, phone=9876543210, postalCode=641001, state=TN, user=User(userId=1, email=alice@example.com, fullName=Alice Sharma, newPassword=newpass123, oldPassword=oldpass123, password=pass123, role=USER))), book=Book(bookId=3, title=Clean Code, author=Author(authorId=3, name=Robert Martin), category=Category(categoryId=1, name=Programming), price=450.5, stockQuantity=10, active=true, imageUrl=cleancode.jpg))] | Execution time: 95ms
2025-09-18 11:42:51.546 DEBUG [http-nio-8080-exec-4] c.l.project.aspect.LoggingAspect - Exiting method: com.libraryManagement.project.controller.OrderController.getOrdersByUserId() with result: <200 OK OK,[OrderItems(itemId=1, quantity=2, unitPrice=499.99, order=Order(orderId=1, totalAmount=1449.48, status=PLACED, paymentId=PAY123, user=User(userId=1, email=alice@example.com, fullName=Alice Sharma, newPassword=newpass123, oldPassword=oldpass123, password=pass123, role=USER), address=ShippingAddress(addressId=1, addressLine1=123 MG Road, addressLine2=Near Town Hall, city=Coimbatore, country=India, fullName=Alice Sharma, phone=9876543210, postalCode=641001, state=TN, user=User(userId=1, email=alice@example.com, fullName=Alice Sharma, newPassword=newpass123, oldPassword=oldpass123, password=pass123, role=USER))), book=Book(bookId=1, title=Spring Boot in Action, author=Author(authorId=1, name=Craig Walls), category=Category(categoryId=1, name=Programming), price=499.99, stockQuantity=20, active=true, imageUrl=springboot.jpg)), OrderItems(itemId=2, quantity=1, unitPrice=450.5, order=Order(orderId=1, totalAmount=1449.48, status=PLACED, paymentId=PAY123, user=User(userId=1, email=alice@example.com, fullName=Alice Sharma, newPassword=newpass123, oldPassword=oldpass123, password=pass123, role=USER), address=ShippingAddress(addressId=1, addressLine1=123 MG Road, addressLine2=Near Town Hall, city=Coimbatore, country=India, fullName=Alice Sharma, phone=9876543210, postalCode=641001, state=TN, user=User(userId=1, email=alice@example.com, fullName=Alice Sharma, newPassword=newpass123, oldPassword=oldpass123, password=pass123, role=USER))), book=Book(bookId=3, title=Clean Code, author=Author(authorId=3, name=Robert Martin), category=Category(categoryId=1, name=Programming), price=450.5, stockQuantity=10, active=true, imageUrl=cleancode.jpg))],[]> | Execution time: 95ms
2025-09-18 11:47:16.837 INFO  [SpringApplicationShutdownHook] o.s.o.j.LocalContainerEntityManagerFactoryBean - Closing JPA EntityManagerFactory for persistence unit 'default'
2025-09-18 11:47:16.837 INFO  [SpringApplicationShutdownHook] com.zaxxer.hikari.HikariDataSource - HikariPool-1 - Shutdown initiated...
2025-09-18 11:47:16.883 INFO  [SpringApplicationShutdownHook] com.zaxxer.hikari.HikariDataSource - HikariPool-1 - Shutdown completed.
2025-09-18 11:47:20.578 INFO  [background-preinit] o.h.validator.internal.util.Version - HV000001: Hibernate Validator 8.0.1.Final
2025-09-18 11:47:20.627 INFO  [main] c.l.project.ProjectApplication - Starting ProjectApplication using Java 21 with PID 15888 (C:\2440540\JFS Training Project\Library-Management\target\classes started by 2440540 in C:\2440540\JFS Training Project\Library-Management)
2025-09-18 11:47:20.627 DEBUG [main] c.l.project.ProjectApplication - Running with Spring Boot v3.3.1, Spring v6.1.10
2025-09-18 11:47:20.627 INFO  [main] c.l.project.ProjectApplication - No active profile set, falling back to 1 default profile: "default"
2025-09-18 11:47:21.858 INFO  [main] o.s.d.r.c.RepositoryConfigurationDelegate - Bootstrapping Spring Data JPA repositories in DEFAULT mode.
2025-09-18 11:47:21.954 INFO  [main] o.s.d.r.c.RepositoryConfigurationDelegate - Finished Spring Data repository scanning in 97 ms. Found 12 JPA repository interfaces.
2025-09-18 11:47:23.074 INFO  [main] o.s.b.w.e.tomcat.TomcatWebServer - Tomcat initialized with port 8080 (http)
2025-09-18 11:47:23.078 INFO  [main] o.a.coyote.http11.Http11NioProtocol - Initializing ProtocolHandler ["http-nio-8080"]
2025-09-18 11:47:23.078 INFO  [main] o.a.catalina.core.StandardService - Starting service [Tomcat]
2025-09-18 11:47:23.078 INFO  [main] o.a.catalina.core.StandardEngine - Starting Servlet engine: [Apache Tomcat/10.1.25]
2025-09-18 11:47:23.154 INFO  [main] o.a.c.c.C.[Tomcat].[localhost].[/] - Initializing Spring embedded WebApplicationContext
2025-09-18 11:47:23.154 INFO  [main] o.s.b.w.s.c.ServletWebServerApplicationContext - Root WebApplicationContext: initialization completed in 2471 ms
2025-09-18 11:47:23.561 INFO  [main] o.h.jpa.internal.util.LogHelper - HHH000204: Processing PersistenceUnitInfo [name: default]
2025-09-18 11:47:23.628 INFO  [main] org.hibernate.Version - HHH000412: Hibernate ORM core version 6.5.2.Final
2025-09-18 11:47:23.675 INFO  [main] o.h.c.i.RegionFactoryInitiator - HHH000026: Second-level cache disabled
2025-09-18 11:47:24.005 INFO  [main] o.s.o.j.p.SpringPersistenceUnitInfo - No LoadTimeWeaver setup: ignoring JPA class transformer
2025-09-18 11:47:24.017 INFO  [main] com.zaxxer.hikari.HikariDataSource - HikariPool-1 - Starting...
2025-09-18 11:47:24.335 INFO  [main] com.zaxxer.hikari.pool.HikariPool - HikariPool-1 - Added connection com.mysql.cj.jdbc.ConnectionImpl@f4d391c
2025-09-18 11:47:24.335 INFO  [main] com.zaxxer.hikari.HikariDataSource - HikariPool-1 - Start completed.
2025-09-18 11:47:24.398 WARN  [main] org.hibernate.orm.deprecation - HHH90000025: MySQLDialect does not need to be specified explicitly using 'hibernate.dialect' (remove the property setting and it will be selected by default)
2025-09-18 11:47:25.351 INFO  [main] o.h.e.t.j.p.i.JtaPlatformInitiator - HHH000489: No JTA platform available (set 'hibernate.transaction.jta.platform' to enable JTA platform integration)
2025-09-18 11:47:26.605 INFO  [main] o.s.o.j.LocalContainerEntityManagerFactoryBean - Initialized JPA EntityManagerFactory for persistence unit 'default'
2025-09-18 11:47:27.221 INFO  [main] o.s.d.j.r.query.QueryEnhancerFactory - Hibernate is in classpath; If applicable, HQL parser will be used.
2025-09-18 11:47:28.211 WARN  [main] o.s.b.a.o.j.JpaBaseConfiguration$JpaWebConfiguration - spring.jpa.open-in-view is enabled by default. Therefore, database queries may be performed during view rendering. Explicitly configure spring.jpa.open-in-view to disable this warning
2025-09-18 11:47:28.271 INFO  [main] o.s.s.c.a.a.c.InitializeUserDetailsBeanManagerConfigurer$InitializeUserDetailsManagerConfigurer - Global AuthenticationManager configured with UserDetailsService bean with name userDetailsService
2025-09-18 11:47:28.757 INFO  [main] o.s.b.a.e.web.EndpointLinksResolver - Exposing 1 endpoint beneath base path '/actuator'
2025-09-18 11:47:29.534 INFO  [main] o.a.coyote.http11.Http11NioProtocol - Starting ProtocolHandler ["http-nio-8080"]
2025-09-18 11:47:29.549 INFO  [main] o.s.b.w.e.tomcat.TomcatWebServer - Tomcat started on port 8080 (http) with context path '/'
2025-09-18 11:47:29.565 INFO  [main] c.l.project.ProjectApplication - Started ProjectApplication in 9.441 seconds (process running for 9.867)
2025-09-18 11:47:38.927 INFO  [http-nio-8080-exec-1] o.a.c.c.C.[Tomcat].[localhost].[/] - Initializing Spring DispatcherServlet 'dispatcherServlet'
2025-09-18 11:47:38.927 INFO  [http-nio-8080-exec-1] o.s.web.servlet.DispatcherServlet - Initializing Servlet 'dispatcherServlet'
2025-09-18 11:47:38.927 INFO  [http-nio-8080-exec-1] o.s.web.servlet.DispatcherServlet - Completed initialization in 0 ms
2025-09-18 11:47:38.974 INFO  [http-nio-8080-exec-1] c.l.project.aspect.LoggingAspect - ▶️ STARTING REQUEST: GET /api/v1/orders/user/1 from IP 0:0:0:0:0:0:0:1
2025-09-18 11:47:38.974 DEBUG [http-nio-8080-exec-1] c.l.project.aspect.LoggingAspect -   -> Controller Method: com.libraryManagement.project.controller.OrderController.getOrdersByUserId() with args: [1]
2025-09-18 11:47:39.070 INFO  [http-nio-8080-exec-1] c.l.project.aspect.LoggingAspect - ✅ SUCCESSFUL RESPONSE: GET /api/v1/orders/user/1 | Time Taken: 96ms
2025-09-18 11:50:47.999 INFO  [SpringApplicationShutdownHook] o.s.o.j.LocalContainerEntityManagerFactoryBean - Closing JPA EntityManagerFactory for persistence unit 'default'
2025-09-18 11:50:48.001 INFO  [SpringApplicationShutdownHook] com.zaxxer.hikari.HikariDataSource - HikariPool-1 - Shutdown initiated...
2025-09-18 11:50:48.029 INFO  [SpringApplicationShutdownHook] com.zaxxer.hikari.HikariDataSource - HikariPool-1 - Shutdown completed.
2025-09-18 11:50:50.976 INFO  [background-preinit] o.h.validator.internal.util.Version - HV000001: Hibernate Validator 8.0.1.Final
2025-09-18 11:50:51.035 INFO  [main] c.l.project.ProjectApplication - Starting ProjectApplication using Java 21 with PID 30220 (C:\2440540\JFS Training Project\Library-Management\target\classes started by 2440540 in C:\2440540\JFS Training Project\Library-Management)
2025-09-18 11:50:51.035 DEBUG [main] c.l.project.ProjectApplication - Running with Spring Boot v3.3.1, Spring v6.1.10
2025-09-18 11:50:51.035 INFO  [main] c.l.project.ProjectApplication - No active profile set, falling back to 1 default profile: "default"
2025-09-18 11:50:52.257 INFO  [main] o.s.d.r.c.RepositoryConfigurationDelegate - Bootstrapping Spring Data JPA repositories in DEFAULT mode.
2025-09-18 11:50:52.364 INFO  [main] o.s.d.r.c.RepositoryConfigurationDelegate - Finished Spring Data repository scanning in 101 ms. Found 12 JPA repository interfaces.
2025-09-18 11:50:53.396 INFO  [main] o.s.b.w.e.tomcat.TomcatWebServer - Tomcat initialized with port 8080 (http)
2025-09-18 11:50:53.409 INFO  [main] o.a.coyote.http11.Http11NioProtocol - Initializing ProtocolHandler ["http-nio-8080"]
2025-09-18 11:50:53.409 INFO  [main] o.a.catalina.core.StandardService - Starting service [Tomcat]
2025-09-18 11:50:53.409 INFO  [main] o.a.catalina.core.StandardEngine - Starting Servlet engine: [Apache Tomcat/10.1.25]
2025-09-18 11:50:53.487 INFO  [main] o.a.c.c.C.[Tomcat].[localhost].[/] - Initializing Spring embedded WebApplicationContext
2025-09-18 11:50:53.487 INFO  [main] o.s.b.w.s.c.ServletWebServerApplicationContext - Root WebApplicationContext: initialization completed in 2403 ms
2025-09-18 11:50:53.955 INFO  [main] o.h.jpa.internal.util.LogHelper - HHH000204: Processing PersistenceUnitInfo [name: default]
2025-09-18 11:50:54.088 INFO  [main] org.hibernate.Version - HHH000412: Hibernate ORM core version 6.5.2.Final
2025-09-18 11:50:54.150 INFO  [main] o.h.c.i.RegionFactoryInitiator - HHH000026: Second-level cache disabled
2025-09-18 11:50:54.531 INFO  [main] o.s.o.j.p.SpringPersistenceUnitInfo - No LoadTimeWeaver setup: ignoring JPA class transformer
2025-09-18 11:50:54.557 INFO  [main] com.zaxxer.hikari.HikariDataSource - HikariPool-1 - Starting...
2025-09-18 11:50:54.832 INFO  [main] com.zaxxer.hikari.pool.HikariPool - HikariPool-1 - Added connection com.mysql.cj.jdbc.ConnectionImpl@76e2a621
2025-09-18 11:50:54.832 INFO  [main] com.zaxxer.hikari.HikariDataSource - HikariPool-1 - Start completed.
2025-09-18 11:50:54.897 WARN  [main] org.hibernate.orm.deprecation - HHH90000025: MySQLDialect does not need to be specified explicitly using 'hibernate.dialect' (remove the property setting and it will be selected by default)
2025-09-18 11:50:55.916 INFO  [main] o.h.e.t.j.p.i.JtaPlatformInitiator - HHH000489: No JTA platform available (set 'hibernate.transaction.jta.platform' to enable JTA platform integration)
2025-09-18 11:50:57.237 INFO  [main] o.s.o.j.LocalContainerEntityManagerFactoryBean - Initialized JPA EntityManagerFactory for persistence unit 'default'
2025-09-18 11:50:57.789 INFO  [main] o.s.d.j.r.query.QueryEnhancerFactory - Hibernate is in classpath; If applicable, HQL parser will be used.
2025-09-18 11:50:58.656 WARN  [main] o.s.b.a.o.j.JpaBaseConfiguration$JpaWebConfiguration - spring.jpa.open-in-view is enabled by default. Therefore, database queries may be performed during view rendering. Explicitly configure spring.jpa.open-in-view to disable this warning
2025-09-18 11:50:58.710 INFO  [main] o.s.s.c.a.a.c.InitializeUserDetailsBeanManagerConfigurer$InitializeUserDetailsManagerConfigurer - Global AuthenticationManager configured with UserDetailsService bean with name userDetailsService
2025-09-18 11:50:59.214 INFO  [main] o.s.b.a.e.web.EndpointLinksResolver - Exposing 1 endpoint beneath base path '/actuator'
2025-09-18 11:51:00.050 INFO  [main] o.a.coyote.http11.Http11NioProtocol - Starting ProtocolHandler ["http-nio-8080"]
2025-09-18 11:51:00.088 INFO  [main] o.s.b.w.e.tomcat.TomcatWebServer - Tomcat started on port 8080 (http) with context path '/'
2025-09-18 11:51:00.097 INFO  [main] c.l.project.ProjectApplication - Started ProjectApplication in 9.62 seconds (process running for 10.174)
2025-09-18 11:51:04.421 INFO  [http-nio-8080-exec-2] o.a.c.c.C.[Tomcat].[localhost].[/] - Initializing Spring DispatcherServlet 'dispatcherServlet'
2025-09-18 11:51:04.421 INFO  [http-nio-8080-exec-2] o.s.web.servlet.DispatcherServlet - Initializing Servlet 'dispatcherServlet'
2025-09-18 11:51:04.421 INFO  [http-nio-8080-exec-2] o.s.web.servlet.DispatcherServlet - Completed initialization in 0 ms
2025-09-18 11:51:04.486 INFO  [http-nio-8080-exec-2] c.l.project.aspect.LoggingAspect - ▶️ STARTING REQUEST: GET /api/v1/orders/user/1 from IP 0:0:0:0:0:0:0:1
2025-09-18 11:51:04.486 DEBUG [http-nio-8080-exec-2] c.l.project.aspect.LoggingAspect -   -> Controller Method: com.libraryManagement.project.controller.OrderController.getOrdersByUserId() with args: [1]
2025-09-18 11:51:04.569 INFO  [http-nio-8080-exec-2] c.l.project.aspect.LoggingAspect - ✅ SUCCESSFUL RESPONSE: GET /api/v1/orders/user/1 | Time Taken: 83ms
2025-09-18 11:52:57.684 INFO  [SpringApplicationShutdownHook] o.s.o.j.LocalContainerEntityManagerFactoryBean - Closing JPA EntityManagerFactory for persistence unit 'default'
2025-09-18 11:52:57.684 INFO  [SpringApplicationShutdownHook] com.zaxxer.hikari.HikariDataSource - HikariPool-1 - Shutdown initiated...
2025-09-18 11:52:57.700 INFO  [SpringApplicationShutdownHook] com.zaxxer.hikari.HikariDataSource - HikariPool-1 - Shutdown completed.
2025-09-18 11:53:00.977 INFO  [background-preinit] o.h.validator.internal.util.Version - HV000001: Hibernate Validator 8.0.1.Final
2025-09-18 11:53:01.076 INFO  [main] c.l.project.ProjectApplication - Starting ProjectApplication using Java 21 with PID 7444 (C:\2440540\JFS Training Project\Library-Management\target\classes started by 2440540 in C:\2440540\JFS Training Project\Library-Management)
2025-09-18 11:53:01.078 DEBUG [main] c.l.project.ProjectApplication - Running with Spring Boot v3.3.1, Spring v6.1.10
2025-09-18 11:53:01.086 INFO  [main] c.l.project.ProjectApplication - No active profile set, falling back to 1 default profile: "default"
2025-09-18 11:53:02.756 INFO  [main] o.s.d.r.c.RepositoryConfigurationDelegate - Bootstrapping Spring Data JPA repositories in DEFAULT mode.
2025-09-18 11:53:02.850 INFO  [main] o.s.d.r.c.RepositoryConfigurationDelegate - Finished Spring Data repository scanning in 95 ms. Found 12 JPA repository interfaces.
2025-09-18 11:53:03.963 INFO  [main] o.s.b.w.e.tomcat.TomcatWebServer - Tomcat initialized with port 8080 (http)
2025-09-18 11:53:03.992 INFO  [main] o.a.coyote.http11.Http11NioProtocol - Initializing ProtocolHandler ["http-nio-8080"]
2025-09-18 11:53:03.992 INFO  [main] o.a.catalina.core.StandardService - Starting service [Tomcat]
2025-09-18 11:53:03.992 INFO  [main] o.a.catalina.core.StandardEngine - Starting Servlet engine: [Apache Tomcat/10.1.25]
2025-09-18 11:53:04.071 INFO  [main] o.a.c.c.C.[Tomcat].[localhost].[/] - Initializing Spring embedded WebApplicationContext
2025-09-18 11:53:04.071 INFO  [main] o.s.b.w.s.c.ServletWebServerApplicationContext - Root WebApplicationContext: initialization completed in 2871 ms
2025-09-18 11:53:04.705 INFO  [main] o.h.jpa.internal.util.LogHelper - HHH000204: Processing PersistenceUnitInfo [name: default]
2025-09-18 11:53:04.829 INFO  [main] org.hibernate.Version - HHH000412: Hibernate ORM core version 6.5.2.Final
2025-09-18 11:53:04.898 INFO  [main] o.h.c.i.RegionFactoryInitiator - HHH000026: Second-level cache disabled
2025-09-18 11:53:05.229 INFO  [main] o.s.o.j.p.SpringPersistenceUnitInfo - No LoadTimeWeaver setup: ignoring JPA class transformer
2025-09-18 11:53:05.261 INFO  [main] com.zaxxer.hikari.HikariDataSource - HikariPool-1 - Starting...
2025-09-18 11:53:05.546 INFO  [main] com.zaxxer.hikari.pool.HikariPool - HikariPool-1 - Added connection com.mysql.cj.jdbc.ConnectionImpl@333a2df2
2025-09-18 11:53:05.546 INFO  [main] com.zaxxer.hikari.HikariDataSource - HikariPool-1 - Start completed.
2025-09-18 11:53:05.609 WARN  [main] org.hibernate.orm.deprecation - HHH90000025: MySQLDialect does not need to be specified explicitly using 'hibernate.dialect' (remove the property setting and it will be selected by default)
2025-09-18 11:53:06.712 INFO  [main] o.h.e.t.j.p.i.JtaPlatformInitiator - HHH000489: No JTA platform available (set 'hibernate.transaction.jta.platform' to enable JTA platform integration)
2025-09-18 11:53:08.122 INFO  [main] o.s.o.j.LocalContainerEntityManagerFactoryBean - Initialized JPA EntityManagerFactory for persistence unit 'default'
2025-09-18 11:53:08.755 INFO  [main] o.s.d.j.r.query.QueryEnhancerFactory - Hibernate is in classpath; If applicable, HQL parser will be used.
2025-09-18 11:53:09.772 WARN  [main] o.s.b.a.o.j.JpaBaseConfiguration$JpaWebConfiguration - spring.jpa.open-in-view is enabled by default. Therefore, database queries may be performed during view rendering. Explicitly configure spring.jpa.open-in-view to disable this warning
2025-09-18 11:53:09.835 INFO  [main] o.s.s.c.a.a.c.InitializeUserDetailsBeanManagerConfigurer$InitializeUserDetailsManagerConfigurer - Global AuthenticationManager configured with UserDetailsService bean with name userDetailsService
2025-09-18 11:53:10.436 INFO  [main] o.s.b.a.e.web.EndpointLinksResolver - Exposing 1 endpoint beneath base path '/actuator'
2025-09-18 11:53:11.402 INFO  [main] o.a.coyote.http11.Http11NioProtocol - Starting ProtocolHandler ["http-nio-8080"]
2025-09-18 11:53:11.418 INFO  [main] o.s.b.w.e.tomcat.TomcatWebServer - Tomcat started on port 8080 (http) with context path '/'
2025-09-18 11:53:11.437 INFO  [main] c.l.project.ProjectApplication - Started ProjectApplication in 11.282 seconds (process running for 12.101)
2025-09-18 11:53:22.365 INFO  [http-nio-8080-exec-1] o.a.c.c.C.[Tomcat].[localhost].[/] - Initializing Spring DispatcherServlet 'dispatcherServlet'
2025-09-18 11:53:22.365 INFO  [http-nio-8080-exec-1] o.s.web.servlet.DispatcherServlet - Initializing Servlet 'dispatcherServlet'
2025-09-18 11:53:22.365 INFO  [http-nio-8080-exec-1] o.s.web.servlet.DispatcherServlet - Completed initialization in 0 ms
2025-09-18 11:53:22.421 INFO  [http-nio-8080-exec-1] c.l.project.aspect.LoggingAspect - ▶️ STARTING REQUEST: GET /api/v1/orders/user/1 from IP 0:0:0:0:0:0:0:1
2025-09-18 11:53:22.421 DEBUG [http-nio-8080-exec-1] c.l.project.aspect.LoggingAspect -   -> Controller Method: com.libraryManagement.project.controller.OrderController.getOrdersByUserId() with args: [1]
2025-09-18 11:53:22.520 INFO  [http-nio-8080-exec-1] c.l.project.aspect.LoggingAspect - ✅ SUCCESSFUL RESPONSE: GET /api/v1/orders/user/1 | Time Taken: 99ms
2025-09-18 11:53:33.485 INFO  [http-nio-8080-exec-3] c.l.project.aspect.LoggingAspect - ▶️ STARTING REQUEST: GET /api/v1/orders/user/1 from IP 0:0:0:0:0:0:0:1
2025-09-18 11:53:33.486 DEBUG [http-nio-8080-exec-3] c.l.project.aspect.LoggingAspect -   -> Controller Method: com.libraryManagement.project.controller.OrderController.getOrdersByUserId() with args: [1]
2025-09-18 11:53:33.501 INFO  [http-nio-8080-exec-3] c.l.project.aspect.LoggingAspect - ✅ SUCCESSFUL RESPONSE: GET /api/v1/orders/user/1 | Time Taken: 16ms
2025-09-18 11:55:34.397 INFO  [SpringApplicationShutdownHook] o.s.o.j.LocalContainerEntityManagerFactoryBean - Closing JPA EntityManagerFactory for persistence unit 'default'
2025-09-18 11:55:34.397 INFO  [SpringApplicationShutdownHook] com.zaxxer.hikari.HikariDataSource - HikariPool-1 - Shutdown initiated...
2025-09-18 11:55:34.415 INFO  [SpringApplicationShutdownHook] com.zaxxer.hikari.HikariDataSource - HikariPool-1 - Shutdown completed.
