16:05:32.628 INFO  [main] c.l.project.ProjectApplication - Starting ProjectApplication using Java 21 with PID 18828 (C:\Users\2440986\Downloads\Team-1_Digital-Book-Store-Management-System\target\classes started by 2440986 in C:\Users\2440986\Downloads\Team-1_Digital-Book-Store-Management-System)
16:05:32.638 DEBUG [main] c.l.project.ProjectApplication - Running with Spring Boot v3.3.1, Spring v6.1.10
16:05:32.639 INFO  [main] c.l.project.ProjectApplication - No active profile set, falling back to 1 default profile: "default"
16:05:44.276 INFO  [main] c.l.project.aspect.LoggingAspect -   -> Entering: com.libraryManagement.project.config.SecurityConfig.userDetailsService() with args: []
16:05:44.281 INFO  [main] c.l.project.aspect.LoggingAspect -   -> Exiting: com.libraryManagement.project.config.SecurityConfig.userDetailsService() with result: org.springframework.security.provisioning.InMemoryUserDetailsManager@61be2a65 | Time: 6ms
16:05:45.001 INFO  [main] c.l.project.aspect.LoggingAspect -   -> Entering: com.libraryManagement.project.config.SecurityConfig.securityFilterChain() with args: [org.springframework.security.config.annotation.web.builders.HttpSecurity@3b59d246]
16:05:45.077 INFO  [main] c.l.project.aspect.LoggingAspect -   -> Exiting: com.libraryManagement.project.config.SecurityConfig.securityFilterChain() with result: DefaultSecurityFilterChain [RequestMatcher=any request, Filters=[org.springframework.security.web.session.DisableEncodeUrlFilter@4f6d3889, org.springframework.security.web.context.request.async.WebAsyncManagerIntegrationFilter@35ef65e2, org.springframework.security.web.context.SecurityContextHolderFilter@33cbd883, org.springframework.security.web.header.HeaderWriterFilter@32d3bc83, org.springframework.web.filter.CorsFilter@22c62ede, org.springframework.security.web.authentication.logout.LogoutFilter@6dc6608c, org.springframework.security.web.savedrequest.RequestCacheAwareFilter@6bd0047f, org.springframework.security.web.servletapi.SecurityContextHolderAwareRequestFilter@248ad8a1, org.springframework.security.web.authentication.AnonymousAuthenticationFilter@6080230a, org.springframework.security.web.access.ExceptionTranslationFilter@16415241, org.springframework.security.web.access.intercept.AuthorizationFilter@5a2661dc]] | Time: 76ms
16:05:45.111 INFO  [main] c.l.project.aspect.LoggingAspect -   -> Entering: com.libraryManagement.project.ProjectApplication.modelMapper() with args: []
16:05:45.142 INFO  [main] c.l.project.aspect.LoggingAspect -   -> Exiting: com.libraryManagement.project.ProjectApplication.modelMapper() with result: org.modelmapper.ModelMapper@25f90920 | Time: 31ms
16:05:46.017 INFO  [main] c.l.project.ProjectApplication - Started ProjectApplication in 14.157 seconds (process running for 15.006)
16:21:57.014 INFO  [main] c.l.project.ProjectApplication - Starting ProjectApplication using Java 21 with PID 28712 (C:\Users\2440986\Downloads\Team-1_Digital-Book-Store-Management-System\target\classes started by 2440986 in C:\Users\2440986\Downloads\Team-1_Digital-Book-Store-Management-System)
16:21:57.024 DEBUG [main] c.l.project.ProjectApplication - Running with Spring Boot v3.3.1, Spring v6.1.10
16:21:57.025 INFO  [main] c.l.project.ProjectApplication - No active profile set, falling back to 1 default profile: "default"
16:22:06.672 INFO  [main] c.l.project.aspect.LoggingAspect -   -> Entering: com.libraryManagement.project.config.SecurityConfig.userDetailsService() with args: []
16:22:06.674 INFO  [main] c.l.project.aspect.LoggingAspect -   -> Exiting: com.libraryManagement.project.config.SecurityConfig.userDetailsService() with result: org.springframework.security.provisioning.InMemoryUserDetailsManager@7ce299c6 | Time: 3ms
16:22:07.323 INFO  [main] c.l.project.aspect.LoggingAspect -   -> Entering: com.libraryManagement.project.config.SecurityConfig.securityFilterChain() with args: [org.springframework.security.config.annotation.web.builders.HttpSecurity@547930a]
16:22:07.385 INFO  [main] c.l.project.aspect.LoggingAspect -   -> Exiting: com.libraryManagement.project.config.SecurityConfig.securityFilterChain() with result: DefaultSecurityFilterChain [RequestMatcher=any request, Filters=[org.springframework.security.web.session.DisableEncodeUrlFilter@6c945ef9, org.springframework.security.web.context.request.async.WebAsyncManagerIntegrationFilter@7d4f7d5e, org.springframework.security.web.context.SecurityContextHolderFilter@734df10b, org.springframework.security.web.header.HeaderWriterFilter@22265a2d, org.springframework.web.filter.CorsFilter@30f51f8a, org.springframework.security.web.authentication.logout.LogoutFilter@6eb1a122, org.springframework.security.web.savedrequest.RequestCacheAwareFilter@5bcc2416, org.springframework.security.web.servletapi.SecurityContextHolderAwareRequestFilter@2f405c13, org.springframework.security.web.authentication.AnonymousAuthenticationFilter@24697504, org.springframework.security.web.access.ExceptionTranslationFilter@17e77d57, org.springframework.security.web.access.intercept.AuthorizationFilter@7b6b3ed6]] | Time: 62ms
16:22:07.426 INFO  [main] c.l.project.aspect.LoggingAspect -   -> Entering: com.libraryManagement.project.ProjectApplication.modelMapper() with args: []
16:22:07.464 INFO  [main] c.l.project.aspect.LoggingAspect -   -> Exiting: com.libraryManagement.project.ProjectApplication.modelMapper() with result: org.modelmapper.ModelMapper@29cd7b9e | Time: 38ms
16:22:08.384 INFO  [main] c.l.project.ProjectApplication - Started ProjectApplication in 11.896 seconds (process running for 12.341)
16:24:52.246 INFO  [main] c.l.project.ProjectApplication - Starting ProjectApplication using Java 21 with PID 15904 (C:\Users\2440986\Downloads\Team-1_Digital-Book-Store-Management-System\target\classes started by 2440986 in C:\Users\2440986\Downloads\Team-1_Digital-Book-Store-Management-System)
16:24:52.259 DEBUG [main] c.l.project.ProjectApplication - Running with Spring Boot v3.3.1, Spring v6.1.10
16:24:52.260 INFO  [main] c.l.project.ProjectApplication - No active profile set, falling back to 1 default profile: "default"
16:25:02.291 INFO  [main] c.l.project.aspect.LoggingAspect -   -> Entering: com.libraryManagement.project.config.SecurityConfig.userDetailsService() with args: []
16:25:02.293 INFO  [main] c.l.project.aspect.LoggingAspect -   -> Exiting: com.libraryManagement.project.config.SecurityConfig.userDetailsService() with result: org.springframework.security.provisioning.InMemoryUserDetailsManager@68ae86a2 | Time: 4ms
16:25:03.060 INFO  [main] c.l.project.aspect.LoggingAspect -   -> Entering: com.libraryManagement.project.config.SecurityConfig.securityFilterChain() with args: [org.springframework.security.config.annotation.web.builders.HttpSecurity@77f0b9d7]
16:25:03.139 INFO  [main] c.l.project.aspect.LoggingAspect -   -> Exiting: com.libraryManagement.project.config.SecurityConfig.securityFilterChain() with result: DefaultSecurityFilterChain [RequestMatcher=any request, Filters=[org.springframework.security.web.session.DisableEncodeUrlFilter@36d5677, org.springframework.security.web.context.request.async.WebAsyncManagerIntegrationFilter@261d8a9c, org.springframework.security.web.context.SecurityContextHolderFilter@3f5298a5, org.springframework.security.web.header.HeaderWriterFilter@34a82874, org.springframework.web.filter.CorsFilter@e43189c, org.springframework.security.web.authentication.logout.LogoutFilter@27523869, org.springframework.security.web.savedrequest.RequestCacheAwareFilter@41c77861, org.springframework.security.web.servletapi.SecurityContextHolderAwareRequestFilter@2b56774b, org.springframework.security.web.authentication.AnonymousAuthenticationFilter@2fce55d6, org.springframework.security.web.access.ExceptionTranslationFilter@248ad8a1, org.springframework.security.web.access.intercept.AuthorizationFilter@140db646]] | Time: 79ms
16:25:04.062 INFO  [main] c.l.project.ProjectApplication - Started ProjectApplication in 12.363 seconds (process running for 12.82)
16:27:03.676 INFO  [main] c.l.project.ProjectApplication - Starting ProjectApplication using Java 21 with PID 1316 (C:\Users\2440986\Downloads\Team-1_Digital-Book-Store-Management-System\target\classes started by 2440986 in C:\Users\2440986\Downloads\Team-1_Digital-Book-Store-Management-System)
16:27:03.686 DEBUG [main] c.l.project.ProjectApplication - Running with Spring Boot v3.3.1, Spring v6.1.10
16:27:03.687 INFO  [main] c.l.project.ProjectApplication - No active profile set, falling back to 1 default profile: "default"
16:27:14.706 INFO  [main] c.l.project.aspect.LoggingAspect -   -> Entering: com.libraryManagement.project.config.SecurityConfig.userDetailsService() with args: []
16:27:14.709 INFO  [main] c.l.project.aspect.LoggingAspect -   -> Exiting: com.libraryManagement.project.config.SecurityConfig.userDetailsService() with result: org.springframework.security.provisioning.InMemoryUserDetailsManager@1f3bd40a | Time: 5ms
16:27:15.986 INFO  [main] c.l.project.aspect.LoggingAspect -   -> Entering: com.libraryManagement.project.config.SecurityConfig.securityFilterChain() with args: [org.springframework.security.config.annotation.web.builders.HttpSecurity@137b9be1]
16:27:16.049 INFO  [main] c.l.project.aspect.LoggingAspect -   -> Exiting: com.libraryManagement.project.config.SecurityConfig.securityFilterChain() with result: DefaultSecurityFilterChain [RequestMatcher=any request, Filters=[org.springframework.security.web.session.DisableEncodeUrlFilter@53534c15, org.springframework.security.web.context.request.async.WebAsyncManagerIntegrationFilter@308034aa, org.springframework.security.web.context.SecurityContextHolderFilter@791ff1b9, org.springframework.security.web.header.HeaderWriterFilter@2dd7a886, org.springframework.web.filter.CorsFilter@6dc6608c, org.springframework.security.web.authentication.logout.LogoutFilter@2603ff76, org.springframework.security.web.savedrequest.RequestCacheAwareFilter@22265a2d, org.springframework.security.web.servletapi.SecurityContextHolderAwareRequestFilter@66b962b4, org.springframework.security.web.authentication.AnonymousAuthenticationFilter@4fcbb165, org.springframework.security.web.access.ExceptionTranslationFilter@6f334ec2, org.springframework.security.web.access.intercept.AuthorizationFilter@5596f2bb]] | Time: 63ms
16:27:17.191 INFO  [main] c.l.project.ProjectApplication - Started ProjectApplication in 14.122 seconds (process running for 14.601)
